Charm++: standalone mode (not using charmrun)
Charm++> Running in Multicore mode: 2 threads (PEs)
Charm++> Using recursive bisection (scheme 3) for topology aware partitions
Converse/Charm++ Commit ID: 
CharmLB> Load balancer assumes all CPUs are same.
Charm++> Running on 1 hosts (2 sockets x 1 cores x 1 PUs = 2-way SMP)
Charm++> cpu topology info is gathered in 0.001 seconds.
Info: Built with CUDA version 11080
Did not find +devices i,j,k,... argument, using all
Pe 0 physical rank 0 will use CUDA device of pe 1
Pe 1 physical rank 1 binding to CUDA device 0 on node0416.palmetto.clemson.edu: 'NVIDIA A100 80GB PCIe'  Mem: 81037MB  Rev: 8.0  PCI: 0:ca:0
CharmLB> Load balancing instrumentation for communication is off.
Info: NAMD 3.0 for Linux-x86_64-multicore-CUDA
Info: 
Info: Please visit http://www.ks.uiuc.edu/Research/namd/
Info: for updates, documentation, and support information.
Info: 
Info: Please cite Phillips et al., J. Chem. Phys. 153:044130 (2020) doi:10.1063/5.0014475
Info: in all publications reporting results obtained with NAMD.
Info: 
Info: Based on Charm++/Converse 80000 for multicore-linux-x86_64-gcc
Info: Built Sun Jun 16 07:02:32 CDT 2024 by dhardy on athine.ks.uiuc.edu
Info: 1 NAMD  3.0  Linux-x86_64-multicore-CUDA  2    node0416.palmetto.clemson.edu  kguerns
Info: Running on 2 processors, 1 nodes, 1 physical nodes.
Info: CPU topology information available.
Info: Charm++/Converse parallel runtime startup completed at 0.241473 s
CkLoopLib is used in SMP with simple dynamic scheduling (converse-level notification)
Info: 0 MB of memory in use based on /proc/self/stat
Info: Configuration file is /home/kguerns/namd_hw/apoa1/apoa1.namd
Info: Changed directory to /home/kguerns/namd_hw/apoa1
TCL: Suspending until startup complete.
Warning: Option "CUDASOAintegrate" has been deprecated. Instead use "GPUresident".
Info: Tuning parameters to improve GPU-resident performance
Warning: Keeping margin at user-specified value 0
Warning: Performance might be improved by increasing margin size to >= 4
Info: Setting outputEnergies to 100
Warning: Disabling lonepair support due to incompatability with GPU-resident.
Info: Running with GPU-resident mode
Info: SIMULATION PARAMETERS:
Info: TIMESTEP               1
Info: NUMBER OF STEPS        500
Info: STEPS PER CYCLE        20
Info: PERIODIC CELL BASIS 1  108.861 0 0
Info: PERIODIC CELL BASIS 2  0 108.861 0
Info: PERIODIC CELL BASIS 3  0 0 77.758
Info: PERIODIC CELL CENTER   0 0 0
Info: LOAD BALANCER  Centralized
Info: LOAD BALANCING STRATEGY  New Load Balancers -- DEFAULT
Info: LDB PERIOD             4000 steps
Info: FIRST LDB TIMESTEP     100
Info: LAST LDB TIMESTEP     -1
Info: LDB BACKGROUND SCALING 1
Info: HOM BACKGROUND SCALING 1
Info: PME BACKGROUND SCALING 1
Info: MIN ATOMS PER PATCH    40
Info: EMPTY PATCH LOAD       40 ATOMS
Info: INITIAL TEMPERATURE    300
Info: CENTER OF MASS MOVING INITIALLY? NO
Info: DIELECTRIC             1
Info: EXCLUDE                SCALED ONE-FOUR
Info: 1-4 ELECTROSTATICS SCALED BY 1
Info: MODIFIED 1-4 VDW PARAMETERS WILL BE USED
Info: NO DCD TRAJECTORY OUTPUT
Info: NO EXTENDED SYSTEM TRAJECTORY OUTPUT
Info: NO VELOCITY DCD OUTPUT
Info: NO FORCE DCD OUTPUT
Info: OUTPUT FILENAME        /usr/tmp/apoa1-out
Info: BINARY OUTPUT FILES WILL BE USED
Info: NO RESTART FILE
Info: SWITCHING ACTIVE
Info: SWITCHING ON           10
Info: SWITCHING OFF          12
Info: PAIRLIST DISTANCE      13.5
Info: PAIRLIST SHRINK RATE   0.01
Info: PAIRLIST GROW RATE     0.01
Info: PAIRLIST TRIGGER       0.3
Info: PAIRLISTS PER CYCLE    2
Info: PAIRLISTS ENABLED
Info: MARGIN                 0
Info: HYDROGEN GROUP CUTOFF  2.5
Info: PATCH DIMENSION        16
Info: ENERGY OUTPUT STEPS    100
Info: ENERGY EVALUATION STEPS    100
Info: OUTPUT ENERGY PRECISION 4
Info: OUPUT ENERGY PRECISION 4
Info: CROSSTERM ENERGY INCLUDED IN DIHEDRAL
Info: TIMING OUTPUT STEPS    20
Info: PARTICLE MESH EWALD (PME) ACTIVE
Info: PME TOLERANCE               1e-06
Info: PME EWALD COEFFICIENT       0.257952
Info: PME INTERPOLATION ORDER     4
Info: PME GRID DIMENSIONS         108 108 80
Info: PME MAXIMUM GRID SPACING    1.5
Info: PME CALCULATION WILL BE PERFORMED ON GPU
Info: FULL ELECTROSTATIC EVALUATION FREQUENCY      4
Info: USING VERLET I (r-RESPA) MTS SCHEME.
Info: C1 SPLITTING OF LONG RANGE ELECTROSTATICS
Info: PLACING ATOMS IN PATCHES BY HYDROGEN GROUPS
Info: RANDOM NUMBER SEED     74269
Info: USE HYDROGEN BONDS?    NO
Info: COORDINATE PDB         apoa1.pdb
Info: STRUCTURE FILE         apoa1.psf
Info: PARAMETER file: XPLOR format! (default) 
Info: PARAMETERS             par_all22_prot_lipid.xplor
Info: PARAMETERS             par_all22_popc.xplor
Info: USING ARITHMETIC MEAN TO COMBINE L-J SIGMA PARAMETERS
Info: SUMMARY OF PARAMETERS:
Info: 177 BONDS
Info: 435 ANGLES
Info: 446 DIHEDRAL
Info: 45 IMPROPER
Info: 0 CROSSTERM
Info: 83 VDW
Info: 6 VDW_PAIRS
Info: 0 NBTHOLE_PAIRS
Info: TIME FOR READING PSF FILE: 0.658267
Info: Reading pdb file apoa1.pdb
Info: TIME FOR READING PDB FILE: 0.0823428
Info: 
Info: ****************************
Info: STRUCTURE SUMMARY:
Info: 92224 ATOMS
Info: 70660 BONDS
Info: 74136 ANGLES
Info: 74130 DIHEDRALS
Info: 1402 IMPROPERS
Info: 0 CROSSTERMS
Info: 0 EXCLUSIONS
Info: 1568 DIHEDRALS WITH MULTIPLE PERIODICITY (BASED ON PSF FILE)
Info: 276669 DEGREES OF FREEDOM
Info: 32992 HYDROGEN GROUPS
Info: 4 ATOMS IN LARGEST HYDROGEN GROUP
Info: 32992 MIGRATION GROUPS
Info: 4 ATOMS IN LARGEST MIGRATION GROUP
Info: TOTAL MASS = 553785 amu
Info: TOTAL CHARGE = -14 e
Info: MASS DENSITY = 0.997951 g/cm^3
Info: ATOM DENSITY = 0.100081 atoms/A^3
Info: *****************************
Info: 
Info: Entering startup at 0.99358 s, 0 MB of memory in use
Info: Startup phase 0 took 0.000111209 s, 0 MB of memory in use
Info: ADDED 218698 IMPLICIT EXCLUSIONS
Info: Startup phase 1 took 0.0381947 s, 0 MB of memory in use
Info: NONBONDED TABLE R-SQUARED SPACING: 0.0625
Info: NONBONDED TABLE SIZE: 769 POINTS
Info: INCONSISTENCY IN FAST TABLE ENERGY VS FORCE: 0.000325096 AT 11.9556
Info: INCONSISTENCY IN SCOR TABLE ENERGY VS FORCE: 0.000324844 AT 11.9556
Info: INCONSISTENCY IN VDWA TABLE ENERGY VS FORCE: 0.0040507 AT 0.251946
Info: INCONSISTENCY IN VDWB TABLE ENERGY VS FORCE: 0.00150189 AT 0.251946
Info: Startup phase 2 took 0.000238063 s, 0 MB of memory in use
Info: Startup phase 3 took 2.0179e-05 s, 0 MB of memory in use
Info: Startup phase 4 took 0.000253237 s, 0 MB of memory in use
Info: Startup phase 5 took 1.7098e-05 s, 0 MB of memory in use
Info: PATCH GRID IS 6 (PERIODIC) BY 6 (PERIODIC) BY 4 (PERIODIC)
Info: PATCH GRID IS 1-AWAY BY 1-AWAY BY 1-AWAY
Info: REMOVING COM VELOCITY 0.00117959 0.0289175 0.0202933
Info: LARGEST PATCH (56) HAS 718 ATOMS
Info: TORUS A SIZE 1 USING 0
Info: TORUS B SIZE 1 USING 0
Info: TORUS C SIZE 1 USING 0
Info: TORUS MINIMAL MESH SIZE IS 1 BY 1 BY 1
Info: Placed 100% of base nodes on same physical node as patch
Info: Startup phase 6 took 0.0355317 s, 0 MB of memory in use
Info: Use 3D box decompostion in PME FFT.
Info: PME using 1 x 1 x 1 pencil grid for FFT and reciprocal sum.
Info: Startup phase 7 took 9.7507e-05 s, 0 MB of memory in use
Info: Updated CUDA force table with 4096 elements.
Info: Updated CUDA LJ table with 83 x 83 elements.
Info: Startup phase 8 took 0.000719428 s, 0 MB of memory in use
Info: Startup phase 9 took 3.2903e-05 s, 0 MB of memory in use
Info: Startup phase 10 took 1.6691e-05 s, 0 MB of memory in use
Info: Startup phase 11 took 0.0098028 s, 0 MB of memory in use
LDB: Central LB being created...
Info: Startup phase 12 took 0.00212734 s, 0 MB of memory in use
Info: CREATING 3040 COMPUTE OBJECTS
Info: Found 318 unique exclusion lists needing 1060 bytes
Info: useSync: 0 useProxySync: 0
Info: Startup phase 13 took 0.025518 s, 0 MB of memory in use
Info: Startup phase 14 took 3.6239e-05 s, 0 MB of memory in use
Info: Startup phase 15 took 0.000211067 s, 0 MB of memory in use
Info: Finished startup at 1.10651 s, 0 MB of memory in use

ETITLE:      TS           BOND          ANGLE          DIHED          IMPRP               ELECT            VDW       BOUNDARY           MISC        KINETIC               TOTAL           TEMP      POTENTIAL       TOTALAVG        TEMPAVG            PRESSURE      GPRESSURE         VOLUME       PRESSAVG      GPRESSAVG

ENERGY:       0     12352.4479     14603.1401      4549.0720        48.1063        -362073.8123     24230.0749         0.0000         0.0000     82752.2738        -223538.6974       301.0300   -306290.9712   -223538.6974       301.0300          -2568.3931     -3581.9905    921491.4634     -2568.3931     -3581.9905

TIMING: 20  CPU: 0.12866, 0.00079035/step  Wall: 0.114608, 0.000796157/step, 108.521 ns/days, 0.000106154 hours remaining, 0.000000 MB of memory in use.
PERFORMANCE: 20  averaging 108.521 ns/day, 0.000796157 sec/step with standard deviation 0
TIMING: 40  CPU: 0.14456, 0.000795/step  Wall: 0.130267, 0.000782939/step, 110.353 ns/days, 0.000100042 hours remaining, 0.000000 MB of memory in use.
PERFORMANCE: 40  averaging 109.43 ns/day, 0.000789548 sec/step with standard deviation 9.34625e-06
TIMING: 60  CPU: 0.159477, 0.00074585/step  Wall: 0.14595, 0.000784161/step, 110.182 ns/days, 9.58418e-05 hours remaining, 0.000000 MB of memory in use.
PERFORMANCE: 60  averaging 109.679 ns/day, 0.000787752 sec/step with standard deviation 7.30423e-06
TIMING: 80  CPU: 0.17439, 0.00074565/step  Wall: 0.161192, 0.000762112/step, 113.369 ns/days, 8.89131e-05 hours remaining, 0.000000 MB of memory in use.
PERFORMANCE: 80  averaging 110.579 ns/day, 0.000781342 sec/step with standard deviation 1.41393e-05
Info: Initial time: 2 CPUs 0.000788001 s/step 109.645 ns/day 0 MB memory
TIMING: 100  CPU: 0.191579, 0.00085945/step  Wall: 0.177515, 0.00081612/step, 105.867 ns/days, 9.068e-05 hours remaining, 0.000000 MB of memory in use.
PERFORMANCE: 100  averaging 109.603 ns/day, 0.000788298 sec/step with standard deviation 1.97951e-05
ENERGY:     100     23587.2822     20475.3956      5773.0421       205.1509        -335895.9368     22125.7382         0.0000         0.0000     41455.8392        -222273.4886       150.8049   -263729.3278   -222906.0930       225.9175          -2788.3006     -2294.2853    921491.4634     -2678.3469     -2938.1379

TIMING: 120  CPU: 0.206212, 0.00073165/step  Wall: 0.193146, 0.000781547/step, 110.55 ns/days, 8.24966e-05 hours remaining, 0.000000 MB of memory in use.
PERFORMANCE: 120  averaging 109.76 ns/day, 0.000787173 sec/step with standard deviation 1.79185e-05
TIMING: 140  CPU: 0.222128, 0.0007958/step  Wall: 0.208449, 0.00076517/step, 112.916 ns/days, 7.6517e-05 hours remaining, 0.000000 MB of memory in use.
PERFORMANCE: 140  averaging 110.2 ns/day, 0.00078403 sec/step with standard deviation 1.83498e-05
TIMING: 160  CPU: 0.237026, 0.0007449/step  Wall: 0.224089, 0.000782016/step, 110.484 ns/days, 7.38571e-05 hours remaining, 0.000000 MB of memory in use.
PERFORMANCE: 160  averaging 110.235 ns/day, 0.000783778 sec/step with standard deviation 1.70036e-05
TIMING: 180  CPU: 0.252939, 0.00079565/step  Wall: 0.23973, 0.000782034/step, 110.481 ns/days, 6.95141e-05 hours remaining, 0.000000 MB of memory in use.
PERFORMANCE: 180  averaging 110.263 ns/day, 0.000783584 sec/step with standard deviation 1.5916e-05
Info: Initial time: 2 CPUs 0.000780498 s/step 110.699 ns/day 0 MB memory
TIMING: 200  CPU: 0.269148, 0.00081045/step  Wall: 0.25559, 0.000793018/step, 108.951 ns/days, 6.60849e-05 hours remaining, 0.000000 MB of memory in use.
PERFORMANCE: 200  averaging 110.13 ns/day, 0.000784528 sec/step with standard deviation 1.52994e-05
ENERGY:     200     21073.6098     18595.6334      5711.8803       190.0265        -334669.5817     21209.7533         0.0000         0.0000     45319.1572        -222569.5212       164.8586   -267888.6784   -222793.9024       205.5645          -5241.7920     -2703.6211    921491.4634     -3532.8286     -2859.9657

TIMING: 220  CPU: 0.284713, 0.00077825/step  Wall: 0.271238, 0.000782388/step, 110.431 ns/days, 6.08524e-05 hours remaining, 0.000000 MB of memory in use.
PERFORMANCE: 220  averaging 110.157 ns/day, 0.000784333 sec/step with standard deviation 1.45287e-05
TIMING: 240  CPU: 0.299634, 0.00074605/step  Wall: 0.286864, 0.000781305/step, 110.584 ns/days, 5.64276e-05 hours remaining, 0.000000 MB of memory in use.
PERFORMANCE: 240  averaging 110.193 ns/day, 0.000784081 sec/step with standard deviation 1.38801e-05
TIMING: 260  CPU: 0.314536, 0.0007451/step  Wall: 0.302206, 0.000767093/step, 112.633 ns/days, 5.11395e-05 hours remaining, 0.000000 MB of memory in use.
PERFORMANCE: 260  averaging 110.377 ns/day, 0.000782774 sec/step with standard deviation 1.40997e-05
TIMING: 280  CPU: 0.330449, 0.00079565/step  Wall: 0.317911, 0.000785263/step, 110.027 ns/days, 4.79883e-05 hours remaining, 0.000000 MB of memory in use.
PERFORMANCE: 280  averaging 110.352 ns/day, 0.000782952 sec/step with standard deviation 1.35629e-05
Info: Initial time: 2 CPUs 0.000784481 s/step 110.136 ns/day 0 MB memory
TIMING: 300  CPU: 0.347177, 0.0008364/step  Wall: 0.334064, 0.000807621/step, 106.981 ns/days, 4.48678e-05 hours remaining, 0.000000 MB of memory in use.
PERFORMANCE: 300  averaging 110.12 ns/day, 0.000784596 sec/step with standard deviation 1.4539e-05
ENERGY:     300     21869.9787     20174.1601      5731.6732       182.6815        -337209.1640     22385.2402         0.0000         0.0000     44423.7867        -222441.6436       161.6015   -266865.4302   -222705.8377       194.5738          -4600.9187     -2563.5647    921491.4634     -3799.8511     -2785.8654

TIMING: 320  CPU: 0.36226, 0.00075415/step  Wall: 0.349363, 0.000764961/step, 112.947 ns/days, 3.8248e-05 hours remaining, 0.000000 MB of memory in use.
PERFORMANCE: 320  averaging 110.293 ns/day, 0.000783369 sec/step with standard deviation 1.48791e-05
TIMING: 340  CPU: 0.377136, 0.0007438/step  Wall: 0.365078, 0.000785764/step, 109.957 ns/days, 3.49229e-05 hours remaining, 0.000000 MB of memory in use.
PERFORMANCE: 340  averaging 110.273 ns/day, 0.00078351 sec/step with standard deviation 1.44184e-05
TIMING: 360  CPU: 0.393052, 0.0007958/step  Wall: 0.380738, 0.000782998/step, 110.345 ns/days, 3.04499e-05 hours remaining, 0.000000 MB of memory in use.
PERFORMANCE: 360  averaging 110.277 ns/day, 0.000783482 sec/step with standard deviation 1.39884e-05
TIMING: 380  CPU: 0.407975, 0.00074615/step  Wall: 0.39606, 0.000766074/step, 112.783 ns/days, 2.55358e-05 hours remaining, 0.000000 MB of memory in use.
PERFORMANCE: 380  averaging 110.406 ns/day, 0.000782565 sec/step with standard deviation 1.41687e-05
Info: Benchmark time: 2 CPUs 0.00078309 s/step 110.332 ns/day 0 MB memory
TIMING: 400  CPU: 0.425037, 0.0008531/step  Wall: 0.412399, 0.000816946/step, 105.76 ns/days, 2.2693e-05 hours remaining, 0.000000 MB of memory in use.
PERFORMANCE: 400  averaging 110.164 ns/day, 0.000784284 sec/step with standard deviation 1.57889e-05
ENERGY:     400     21983.9124     19981.5299      5714.2356       174.7232        -338264.0038     23090.1928         0.0000         0.0000     44890.2389        -222429.1710       163.2984   -267319.4099   -222650.5044       188.3187          -4748.5302     -2656.9372    921491.4634     -3989.5869     -2760.0798

TIMING: 420  CPU: 0.439791, 0.0007377/step  Wall: 0.42807, 0.000783551/step, 110.267 ns/days, 1.74123e-05 hours remaining, 0.000000 MB of memory in use.
PERFORMANCE: 420  averaging 110.169 ns/day, 0.00078425 sec/step with standard deviation 1.539e-05
TIMING: 440  CPU: 0.455706, 0.00079575/step  Wall: 0.443464, 0.000769732/step, 112.247 ns/days, 1.28289e-05 hours remaining, 0.000000 MB of memory in use.
PERFORMANCE: 440  averaging 110.262 ns/day, 0.00078359 sec/step with standard deviation 1.53347e-05
TIMING: 460  CPU: 0.470617, 0.00074555/step  Wall: 0.459185, 0.000786062/step, 109.915 ns/days, 8.73402e-06 hours remaining, 0.000000 MB of memory in use.
PERFORMANCE: 460  averaging 110.247 ns/day, 0.000783697 sec/step with standard deviation 1.4991e-05
TIMING: 480  CPU: 0.486535, 0.0007959/step  Wall: 0.47491, 0.00078621/step, 109.894 ns/days, 4.36783e-06 hours remaining, 0.000000 MB of memory in use.
PERFORMANCE: 480  averaging 110.232 ns/day, 0.000783802 sec/step with standard deviation 1.46704e-05
Info: Benchmark time: 2 CPUs 0.000783904 s/step 110.218 ns/day 0 MB memory
TIMING: 500  CPU: 0.503026, 0.00082455/step  Wall: 0.490814, 0.000795212/step, 108.65 ns/days, 0 hours remaining, 0.000000 MB of memory in use.
PERFORMANCE: 500  averaging 110.168 ns/day, 0.000784258 sec/step with standard deviation 1.45417e-05
ENERGY:     500     20974.9162     19756.5430      5724.4542       179.8316        -337740.3473     23250.9656         0.0000         0.0000     45358.7137        -222494.9230       165.0025   -267853.6367   -222624.5741       184.4327          -3197.4390     -2425.3131    921491.4634     -3857.5623     -2704.2853

WRITING EXTENDED SYSTEM TO OUTPUT FILE AT STEP 500
WRITING COORDINATES TO OUTPUT FILE AT STEP 500
The last position output (seq=-2) takes 0.001 seconds, 0.000 MB of memory in use
WRITING VELOCITIES TO OUTPUT FILE AT STEP 500
The last velocity output (seq=-2) takes 0.001 seconds, 0.000 MB of memory in use
====================================================

WallClock: 1.579772  CPUTime: 1.556804  Memory: 0.000000 MB
[Partition 0][Node 0] End of program
