Charm++: standalone mode (not using charmrun)
Charm++> Running in Multicore mode: 8 threads (PEs)
Charm++> Using recursive bisection (scheme 3) for topology aware partitions
Converse/Charm++ Commit ID: 
CharmLB> Load balancer assumes all CPUs are same.
Charm++> Running on 1 hosts (2 sockets x 4 cores x 1 PUs = 8-way SMP)
Charm++> cpu topology info is gathered in 0.001 seconds.
Info: Built with CUDA version 11080
Did not find +devices i,j,k,... argument, using all
Pe 0 physical rank 0 will use CUDA device of pe 4
Pe 7 physical rank 7 will use CUDA device of pe 4
Pe 2 physical rank 2 will use CUDA device of pe 4
Pe 6 physical rank 6 will use CUDA device of pe 4
Pe 5 physical rank 5 will use CUDA device of pe 4
Pe 3 physical rank 3 will use CUDA device of pe 4
Pe 1 physical rank 1 will use CUDA device of pe 4
Pe 4 physical rank 4 binding to CUDA device 0 on node0416.palmetto.clemson.edu: 'NVIDIA A100 80GB PCIe'  Mem: 81037MB  Rev: 8.0  PCI: 0:ca:0
CharmLB> Load balancing instrumentation for communication is off.
Info: NAMD 3.0 for Linux-x86_64-multicore-CUDA
Info: 
Info: Please visit http://www.ks.uiuc.edu/Research/namd/
Info: for updates, documentation, and support information.
Info: 
Info: Please cite Phillips et al., J. Chem. Phys. 153:044130 (2020) doi:10.1063/5.0014475
Info: in all publications reporting results obtained with NAMD.
Info: 
Info: Based on Charm++/Converse 80000 for multicore-linux-x86_64-gcc
Info: Built Sun Jun 16 07:02:32 CDT 2024 by dhardy on athine.ks.uiuc.edu
Info: 1 NAMD  3.0  Linux-x86_64-multicore-CUDA  8    node0416.palmetto.clemson.edu  kguerns
Info: Running on 8 processors, 1 nodes, 1 physical nodes.
Info: CPU topology information available.
Info: Charm++/Converse parallel runtime startup completed at 0.255964 s
CkLoopLib is used in SMP with simple dynamic scheduling (converse-level notification)
Info: 0 MB of memory in use based on /proc/self/stat
Info: Configuration file is /home/kguerns/namd_hw/apoa1/apoa1.namd
Info: Changed directory to /home/kguerns/namd_hw/apoa1
TCL: Suspending until startup complete.
Warning: Option "CUDASOAintegrate" has been deprecated. Instead use "GPUresident".
Info: Tuning parameters to improve GPU-resident performance
Warning: Keeping margin at user-specified value 0
Warning: Performance might be improved by increasing margin size to >= 4
Info: Setting outputEnergies to 100
Warning: Disabling lonepair support due to incompatability with GPU-resident.
Info: Running with GPU-resident mode
Info: SIMULATION PARAMETERS:
Info: TIMESTEP               1
Info: NUMBER OF STEPS        500
Info: STEPS PER CYCLE        20
Info: PERIODIC CELL BASIS 1  108.861 0 0
Info: PERIODIC CELL BASIS 2  0 108.861 0
Info: PERIODIC CELL BASIS 3  0 0 77.758
Info: PERIODIC CELL CENTER   0 0 0
Info: LOAD BALANCER  Centralized
Info: LOAD BALANCING STRATEGY  New Load Balancers -- DEFAULT
Info: LDB PERIOD             4000 steps
Info: FIRST LDB TIMESTEP     100
Info: LAST LDB TIMESTEP     -1
Info: LDB BACKGROUND SCALING 1
Info: HOM BACKGROUND SCALING 1
Info: PME BACKGROUND SCALING 1
Info: MIN ATOMS PER PATCH    40
Info: EMPTY PATCH LOAD       40 ATOMS
Info: INITIAL TEMPERATURE    300
Info: CENTER OF MASS MOVING INITIALLY? NO
Info: DIELECTRIC             1
Info: EXCLUDE                SCALED ONE-FOUR
Info: 1-4 ELECTROSTATICS SCALED BY 1
Info: MODIFIED 1-4 VDW PARAMETERS WILL BE USED
Info: NO DCD TRAJECTORY OUTPUT
Info: NO EXTENDED SYSTEM TRAJECTORY OUTPUT
Info: NO VELOCITY DCD OUTPUT
Info: NO FORCE DCD OUTPUT
Info: OUTPUT FILENAME        /usr/tmp/apoa1-out
Info: BINARY OUTPUT FILES WILL BE USED
Info: NO RESTART FILE
Info: SWITCHING ACTIVE
Info: SWITCHING ON           10
Info: SWITCHING OFF          12
Info: PAIRLIST DISTANCE      13.5
Info: PAIRLIST SHRINK RATE   0.01
Info: PAIRLIST GROW RATE     0.01
Info: PAIRLIST TRIGGER       0.3
Info: PAIRLISTS PER CYCLE    2
Info: PAIRLISTS ENABLED
Info: MARGIN                 0
Info: HYDROGEN GROUP CUTOFF  2.5
Info: PATCH DIMENSION        16
Info: ENERGY OUTPUT STEPS    100
Info: ENERGY EVALUATION STEPS    100
Info: OUTPUT ENERGY PRECISION 4
Info: OUPUT ENERGY PRECISION 4
Info: CROSSTERM ENERGY INCLUDED IN DIHEDRAL
Info: TIMING OUTPUT STEPS    20
Info: PARTICLE MESH EWALD (PME) ACTIVE
Info: PME TOLERANCE               1e-06
Info: PME EWALD COEFFICIENT       0.257952
Info: PME INTERPOLATION ORDER     4
Info: PME GRID DIMENSIONS         108 108 80
Info: PME MAXIMUM GRID SPACING    1.5
Info: PME CALCULATION WILL BE PERFORMED ON GPU
Info: FULL ELECTROSTATIC EVALUATION FREQUENCY      4
Info: USING VERLET I (r-RESPA) MTS SCHEME.
Info: C1 SPLITTING OF LONG RANGE ELECTROSTATICS
Info: PLACING ATOMS IN PATCHES BY HYDROGEN GROUPS
Info: RANDOM NUMBER SEED     74269
Info: USE HYDROGEN BONDS?    NO
Info: COORDINATE PDB         apoa1.pdb
Info: STRUCTURE FILE         apoa1.psf
Info: PARAMETER file: XPLOR format! (default) 
Info: PARAMETERS             par_all22_prot_lipid.xplor
Info: PARAMETERS             par_all22_popc.xplor
Info: USING ARITHMETIC MEAN TO COMBINE L-J SIGMA PARAMETERS
Info: SUMMARY OF PARAMETERS:
Info: 177 BONDS
Info: 435 ANGLES
Info: 446 DIHEDRAL
Info: 45 IMPROPER
Info: 0 CROSSTERM
Info: 83 VDW
Info: 6 VDW_PAIRS
Info: 0 NBTHOLE_PAIRS
Info: TIME FOR READING PSF FILE: 0.659891
Info: Reading pdb file apoa1.pdb
Info: TIME FOR READING PDB FILE: 0.0836198
Info: 
Info: ****************************
Info: STRUCTURE SUMMARY:
Info: 92224 ATOMS
Info: 70660 BONDS
Info: 74136 ANGLES
Info: 74130 DIHEDRALS
Info: 1402 IMPROPERS
Info: 0 CROSSTERMS
Info: 0 EXCLUSIONS
Info: 1568 DIHEDRALS WITH MULTIPLE PERIODICITY (BASED ON PSF FILE)
Info: 276669 DEGREES OF FREEDOM
Info: 32992 HYDROGEN GROUPS
Info: 4 ATOMS IN LARGEST HYDROGEN GROUP
Info: 32992 MIGRATION GROUPS
Info: 4 ATOMS IN LARGEST MIGRATION GROUP
Info: TOTAL MASS = 553785 amu
Info: TOTAL CHARGE = -14 e
Info: MASS DENSITY = 0.997951 g/cm^3
Info: ATOM DENSITY = 0.100081 atoms/A^3
Info: *****************************
Info: 
Info: Entering startup at 1.01015 s, 0 MB of memory in use
Info: Startup phase 0 took 0.000176153 s, 0 MB of memory in use
Info: ADDED 218698 IMPLICIT EXCLUSIONS
Info: Startup phase 1 took 0.0399118 s, 0 MB of memory in use
Info: NONBONDED TABLE R-SQUARED SPACING: 0.0625
Info: NONBONDED TABLE SIZE: 769 POINTS
Info: INCONSISTENCY IN FAST TABLE ENERGY VS FORCE: 0.000325096 AT 11.9556
Info: INCONSISTENCY IN SCOR TABLE ENERGY VS FORCE: 0.000324844 AT 11.9556
Info: INCONSISTENCY IN VDWA TABLE ENERGY VS FORCE: 0.0040507 AT 0.251946
Info: INCONSISTENCY IN VDWB TABLE ENERGY VS FORCE: 0.00150189 AT 0.251946
Info: Startup phase 2 took 0.000349424 s, 0 MB of memory in use
Info: Startup phase 3 took 4.3297e-05 s, 0 MB of memory in use
Info: Startup phase 4 took 0.000365612 s, 0 MB of memory in use
Info: Startup phase 5 took 4.1429e-05 s, 0 MB of memory in use
Info: PATCH GRID IS 6 (PERIODIC) BY 6 (PERIODIC) BY 4 (PERIODIC)
Info: PATCH GRID IS 1-AWAY BY 1-AWAY BY 1-AWAY
Info: REMOVING COM VELOCITY 0.00117959 0.0289175 0.0202933
Info: LARGEST PATCH (56) HAS 718 ATOMS
Info: TORUS A SIZE 1 USING 0
Info: TORUS B SIZE 1 USING 0
Info: TORUS C SIZE 1 USING 0
Info: TORUS MINIMAL MESH SIZE IS 1 BY 1 BY 1
Info: Placed 100% of base nodes on same physical node as patch
Info: Startup phase 6 took 0.041642 s, 0 MB of memory in use
Info: Use 3D box decompostion in PME FFT.
Info: PME using 1 x 1 x 1 pencil grid for FFT and reciprocal sum.
Info: Startup phase 7 took 0.000137528 s, 0 MB of memory in use
Info: Updated CUDA force table with 4096 elements.
Info: Updated CUDA LJ table with 83 x 83 elements.
Info: Startup phase 8 took 0.000857847 s, 0 MB of memory in use
Info: Startup phase 9 took 6.3191e-05 s, 0 MB of memory in use
Info: Startup phase 10 took 4.0674e-05 s, 0 MB of memory in use
Info: Startup phase 11 took 0.0131824 s, 0 MB of memory in use
LDB: Central LB being created...
Info: Startup phase 12 took 0.00227502 s, 0 MB of memory in use
Info: CREATING 3088 COMPUTE OBJECTS
Info: Found 318 unique exclusion lists needing 1060 bytes
Info: useSync: 0 useProxySync: 0
Info: Startup phase 13 took 0.0273777 s, 0 MB of memory in use
Info: Startup phase 14 took 6.2285e-05 s, 0 MB of memory in use
Info: Startup phase 15 took 3.3396e-05 s, 0 MB of memory in use
Info: Finished startup at 1.13671 s, 0 MB of memory in use

ETITLE:      TS           BOND          ANGLE          DIHED          IMPRP               ELECT            VDW       BOUNDARY           MISC        KINETIC               TOTAL           TEMP      POTENTIAL       TOTALAVG        TEMPAVG            PRESSURE      GPRESSURE         VOLUME       PRESSAVG      GPRESSAVG

ENERGY:       0     12352.4479     14603.1401      4549.0720        48.1063        -362073.8125     24230.0749         0.0000         0.0000     82752.2738        -223538.6976       301.0300   -306290.9713   -223538.6976       301.0300          -2568.3931     -3581.9906    921491.4634     -2568.3931     -3581.9906

TIMING: 20  CPU: 0.103877, 0.0007915/step  Wall: 0.103152, 0.000799407/step, 108.08 ns/days, 0.000106588 hours remaining, 0.000000 MB of memory in use.
PERFORMANCE: 20  averaging 108.08 ns/day, 0.000799407 sec/step with standard deviation 0
TIMING: 40  CPU: 0.11878, 0.00074515/step  Wall: 0.118751, 0.000779936/step, 110.778 ns/days, 9.96585e-05 hours remaining, 0.000000 MB of memory in use.
PERFORMANCE: 40  averaging 109.413 ns/day, 0.000789672 sec/step with standard deviation 1.37682e-05
TIMING: 60  CPU: 0.1347, 0.000796/step  Wall: 0.134383, 0.000781597/step, 110.543 ns/days, 9.55285e-05 hours remaining, 0.000000 MB of memory in use.
PERFORMANCE: 60  averaging 109.787 ns/day, 0.00078698 sec/step with standard deviation 1.07943e-05
TIMING: 80  CPU: 0.149628, 0.0007464/step  Wall: 0.14955, 0.000758331/step, 113.934 ns/days, 8.8472e-05 hours remaining, 0.000000 MB of memory in use.
PERFORMANCE: 80  averaging 110.795 ns/day, 0.000779818 sec/step with standard deviation 1.68187e-05
Info: Initial time: 8 CPUs 0.00078561 s/step 109.978 ns/day 0 MB memory
TIMING: 100  CPU: 0.166467, 0.00084195/step  Wall: 0.165756, 0.000810305/step, 106.626 ns/days, 9.00339e-05 hours remaining, 0.000000 MB of memory in use.
PERFORMANCE: 100  averaging 109.936 ns/day, 0.000785915 sec/step with standard deviation 1.99512e-05
ENERGY:     100     23587.2755     20475.3978      5773.0425       205.1508        -335895.9397     22125.7339         0.0000         0.0000     41455.8375        -222273.5016       150.8049   -263729.3392   -222906.0996       225.9175          -2788.2966     -2294.2867    921491.4634     -2678.3449     -2938.1386

TIMING: 120  CPU: 0.181466, 0.00074995/step  Wall: 0.181419, 0.00078318/step, 110.319 ns/days, 8.2669e-05 hours remaining, 0.000000 MB of memory in use.
PERFORMANCE: 120  averaging 109.999 ns/day, 0.000785459 sec/step with standard deviation 1.78798e-05
TIMING: 140  CPU: 0.1964, 0.0007467/step  Wall: 0.196625, 0.0007603/step, 113.639 ns/days, 7.603e-05 hours remaining, 0.000000 MB of memory in use.
PERFORMANCE: 140  averaging 110.505 ns/day, 0.000781865 sec/step with standard deviation 1.889e-05
TIMING: 160  CPU: 0.212326, 0.0007963/step  Wall: 0.21222, 0.000779731/step, 110.807 ns/days, 7.36413e-05 hours remaining, 0.000000 MB of memory in use.
PERFORMANCE: 160  averaging 110.543 ns/day, 0.000781599 sec/step with standard deviation 1.7505e-05
TIMING: 180  CPU: 0.228245, 0.00079595/step  Wall: 0.227866, 0.000782283/step, 110.446 ns/days, 6.95363e-05 hours remaining, 0.000000 MB of memory in use.
PERFORMANCE: 180  averaging 110.532 ns/day, 0.000781675 sec/step with standard deviation 1.6376e-05
Info: Initial time: 8 CPUs 0.000778522 s/step 110.98 ns/day 0 MB memory
TIMING: 200  CPU: 0.243965, 0.000786/step  Wall: 0.243634, 0.000788421/step, 109.586 ns/days, 6.57017e-05 hours remaining, 0.000000 MB of memory in use.
PERFORMANCE: 200  averaging 110.437 ns/day, 0.000782349 sec/step with standard deviation 1.55861e-05
ENERGY:     200     21073.6240     18595.6377      5711.8797       190.0266        -334669.5481     21209.7452         0.0000         0.0000     45319.1549        -222569.4801       164.8586   -267888.6350   -222793.8931       205.5645          -5241.7931     -2703.6205    921491.4634     -3532.8276     -2859.9659

TIMING: 220  CPU: 0.259084, 0.00075595/step  Wall: 0.259279, 0.000782226/step, 110.454 ns/days, 6.08398e-05 hours remaining, 0.000000 MB of memory in use.
PERFORMANCE: 220  averaging 110.438 ns/day, 0.000782338 sec/step with standard deviation 1.47863e-05
TIMING: 240  CPU: 0.275, 0.0007958/step  Wall: 0.274878, 0.000779968/step, 110.774 ns/days, 5.63311e-05 hours remaining, 0.000000 MB of memory in use.
PERFORMANCE: 240  averaging 110.466 ns/day, 0.000782141 sec/step with standard deviation 1.41148e-05
TIMING: 260  CPU: 0.28992, 0.000746/step  Wall: 0.290126, 0.000762394/step, 113.327 ns/days, 5.08262e-05 hours remaining, 0.000000 MB of memory in use.
PERFORMANCE: 260  averaging 110.681 ns/day, 0.000780622 sec/step with standard deviation 1.45815e-05
TIMING: 280  CPU: 0.304844, 0.0007462/step  Wall: 0.305779, 0.000782659/step, 110.393 ns/days, 4.78291e-05 hours remaining, 0.000000 MB of memory in use.
PERFORMANCE: 280  averaging 110.66 ns/day, 0.000780767 sec/step with standard deviation 1.40201e-05
Info: Initial time: 8 CPUs 0.000782895 s/step 110.36 ns/day 0 MB memory
TIMING: 300  CPU: 0.321838, 0.0008497/step  Wall: 0.32195, 0.000808548/step, 106.858 ns/days, 4.49193e-05 hours remaining, 0.000000 MB of memory in use.
PERFORMANCE: 300  averaging 110.399 ns/day, 0.000782619 sec/step with standard deviation 1.52962e-05
ENERGY:     300     21869.9982     20174.1599      5731.6735       182.6812        -337209.1586     22385.2584         0.0000         0.0000     44423.8077        -222441.5796       161.6016   -266865.3872   -222705.8147       194.5738          -4600.9075     -2563.5522    921491.4634     -3799.8476     -2785.8625

TIMING: 320  CPU: 0.336639, 0.00074005/step  Wall: 0.337154, 0.000760187/step, 113.656 ns/days, 3.80094e-05 hours remaining, 0.000000 MB of memory in use.
PERFORMANCE: 320  averaging 110.597 ns/day, 0.000781217 sec/step with standard deviation 1.58059e-05
TIMING: 340  CPU: 0.352566, 0.00079635/step  Wall: 0.352831, 0.00078384/step, 110.227 ns/days, 3.48373e-05 hours remaining, 0.000000 MB of memory in use.
PERFORMANCE: 340  averaging 110.575 ns/day, 0.000781371 sec/step with standard deviation 1.53172e-05
TIMING: 360  CPU: 0.36749, 0.0007462/step  Wall: 0.368454, 0.000781162/step, 110.604 ns/days, 3.03785e-05 hours remaining, 0.000000 MB of memory in use.
PERFORMANCE: 360  averaging 110.576 ns/day, 0.00078136 sec/step with standard deviation 1.48599e-05
TIMING: 380  CPU: 0.382404, 0.0007457/step  Wall: 0.383743, 0.000764474/step, 113.019 ns/days, 2.54825e-05 hours remaining, 0.000000 MB of memory in use.
PERFORMANCE: 380  averaging 110.702 ns/day, 0.000780471 sec/step with standard deviation 1.49518e-05
Info: Benchmark time: 8 CPUs 0.000780109 s/step 110.754 ns/day 0 MB memory
TIMING: 400  CPU: 0.399479, 0.00085375/step  Wall: 0.399986, 0.000812149/step, 106.384 ns/days, 2.25597e-05 hours remaining, 0.000000 MB of memory in use.
PERFORMANCE: 400  averaging 110.478 ns/day, 0.000782055 sec/step with standard deviation 1.61853e-05
ENERGY:     400     21983.9188     19981.5478      5714.2377       174.7221        -338263.9620     23090.1711         0.0000         0.0000     44890.2295        -222429.1351       163.2983   -267319.3646   -222650.4788       188.3187          -4748.5407     -2656.9431    921491.4634     -3989.5862     -2760.0786

TIMING: 420  CPU: 0.414245, 0.0007383/step  Wall: 0.415675, 0.000784418/step, 110.145 ns/days, 1.74315e-05 hours remaining, 0.000000 MB of memory in use.
PERFORMANCE: 420  averaging 110.462 ns/day, 0.000782168 sec/step with standard deviation 1.57839e-05
TIMING: 440  CPU: 0.430169, 0.0007962/step  Wall: 0.430984, 0.000765456/step, 112.874 ns/days, 1.27576e-05 hours remaining, 0.000000 MB of memory in use.
PERFORMANCE: 440  averaging 110.57 ns/day, 0.000781408 sec/step with standard deviation 1.58102e-05
TIMING: 460  CPU: 0.445099, 0.0007465/step  Wall: 0.446629, 0.000782249/step, 110.451 ns/days, 8.69166e-06 hours remaining, 0.000000 MB of memory in use.
PERFORMANCE: 460  averaging 110.564 ns/day, 0.000781445 sec/step with standard deviation 1.54477e-05
TIMING: 480  CPU: 0.461029, 0.0007965/step  Wall: 0.462264, 0.000781761/step, 110.52 ns/days, 4.34312e-06 hours remaining, 0.000000 MB of memory in use.
PERFORMANCE: 480  averaging 110.563 ns/day, 0.000781458 sec/step with standard deviation 1.51083e-05
Info: Benchmark time: 8 CPUs 0.000781259 s/step 110.591 ns/day 0 MB memory
TIMING: 500  CPU: 0.477249, 0.000811/step  Wall: 0.478137, 0.000793676/step, 108.861 ns/days, 0 hours remaining, 0.000000 MB of memory in use.
PERFORMANCE: 500  averaging 110.494 ns/day, 0.000781946 sec/step with standard deviation 1.49907e-05
ENERGY:     500     20974.9154     19756.5501      5724.4584       179.8307        -337740.4748     23250.9394         0.0000         0.0000     45358.9388        -222494.8422       165.0034   -267853.7809   -222624.5394       184.4328          -3197.4684     -2425.3296    921491.4634     -3857.5666     -2704.2871

WRITING EXTENDED SYSTEM TO OUTPUT FILE AT STEP 500
WRITING COORDINATES TO OUTPUT FILE AT STEP 500
The last position output (seq=-2) takes 0.001 seconds, 0.000 MB of memory in use
WRITING VELOCITIES TO OUTPUT FILE AT STEP 500
The last velocity output (seq=-2) takes 0.001 seconds, 0.000 MB of memory in use
====================================================

WallClock: 1.592083  CPUTime: 1.552862  Memory: 0.000000 MB
[Partition 0][Node 0] End of program
