Charm++: standalone mode (not using charmrun)
Charm++> Running in Multicore mode: 16 threads (PEs)
Charm++> Using recursive bisection (scheme 3) for topology aware partitions
Converse/Charm++ Commit ID: 
CharmLB> Load balancer assumes all CPUs are same.
Charm++> Running on 1 hosts (2 sockets x 8 cores x 1 PUs = 16-way SMP)
Charm++> cpu topology info is gathered in 0.032 seconds.
Info: Built with CUDA version 11080
Did not find +devices i,j,k,... argument, using all
Pe 0 physical rank 0 will use CUDA device of pe 8
Pe 15 physical rank 15 will use CUDA device of pe 8
Pe 11 physical rank 11 will use CUDA device of pe 8
Pe 13 physical rank 13 will use CUDA device of pe 8
Pe 12 physical rank 12 will use CUDA device of pe 8
Pe 4 physical rank 4 will use CUDA device of pe 8
Pe 6 physical rank 6 will use CUDA device of pe 8
Pe 14 physical rank 14 will use CUDA device of pe 8
Pe 3 physical rank 3 will use CUDA device of pe 8
Pe 9 physical rank 9 will use CUDA device of pe 8
Pe 10 physical rank 10 will use CUDA device of pe 8
Pe 5 physical rank 5 will use CUDA device of pe 8
Pe 2 physical rank 2 will use CUDA device of pe 8
Pe 1 physical rank 1 will use CUDA device of pe 8
Pe 7 physical rank 7 will use CUDA device of pe 8
Pe 8 physical rank 8 binding to CUDA device 0 on node0416.palmetto.clemson.edu: 'NVIDIA A100 80GB PCIe'  Mem: 81037MB  Rev: 8.0  PCI: 0:ca:0
CharmLB> Load balancing instrumentation for communication is off.
Info: NAMD 3.0 for Linux-x86_64-multicore-CUDA
Info: 
Info: Please visit http://www.ks.uiuc.edu/Research/namd/
Info: for updates, documentation, and support information.
Info: 
Info: Please cite Phillips et al., J. Chem. Phys. 153:044130 (2020) doi:10.1063/5.0014475
Info: in all publications reporting results obtained with NAMD.
Info: 
Info: Based on Charm++/Converse 80000 for multicore-linux-x86_64-gcc
Info: Built Sun Jun 16 07:02:32 CDT 2024 by dhardy on athine.ks.uiuc.edu
Info: 1 NAMD  3.0  Linux-x86_64-multicore-CUDA  16    node0416.palmetto.clemson.edu  kguerns
Info: Running on 16 processors, 1 nodes, 1 physical nodes.
Info: CPU topology information available.
Info: Charm++/Converse parallel runtime startup completed at 0.308139 s
CkLoopLib is used in SMP with simple dynamic scheduling (converse-level notification)
Info: 0 MB of memory in use based on /proc/self/stat
Info: Configuration file is /home/kguerns/namd_hw/apoa1/apoa1.namd
Info: Changed directory to /home/kguerns/namd_hw/apoa1
TCL: Suspending until startup complete.
Warning: Option "CUDASOAintegrate" has been deprecated. Instead use "GPUresident".
Info: Tuning parameters to improve GPU-resident performance
Warning: Keeping margin at user-specified value 0
Warning: Performance might be improved by increasing margin size to >= 4
Info: Setting outputEnergies to 100
Warning: Disabling lonepair support due to incompatability with GPU-resident.
Info: Running with GPU-resident mode
Info: SIMULATION PARAMETERS:
Info: TIMESTEP               1
Info: NUMBER OF STEPS        500
Info: STEPS PER CYCLE        20
Info: PERIODIC CELL BASIS 1  108.861 0 0
Info: PERIODIC CELL BASIS 2  0 108.861 0
Info: PERIODIC CELL BASIS 3  0 0 77.758
Info: PERIODIC CELL CENTER   0 0 0
Info: LOAD BALANCER  Centralized
Info: LOAD BALANCING STRATEGY  New Load Balancers -- DEFAULT
Info: LDB PERIOD             4000 steps
Info: FIRST LDB TIMESTEP     100
Info: LAST LDB TIMESTEP     -1
Info: LDB BACKGROUND SCALING 1
Info: HOM BACKGROUND SCALING 1
Info: PME BACKGROUND SCALING 1
Info: MIN ATOMS PER PATCH    40
Info: EMPTY PATCH LOAD       40 ATOMS
Info: INITIAL TEMPERATURE    300
Info: CENTER OF MASS MOVING INITIALLY? NO
Info: DIELECTRIC             1
Info: EXCLUDE                SCALED ONE-FOUR
Info: 1-4 ELECTROSTATICS SCALED BY 1
Info: MODIFIED 1-4 VDW PARAMETERS WILL BE USED
Info: NO DCD TRAJECTORY OUTPUT
Info: NO EXTENDED SYSTEM TRAJECTORY OUTPUT
Info: NO VELOCITY DCD OUTPUT
Info: NO FORCE DCD OUTPUT
Info: OUTPUT FILENAME        /usr/tmp/apoa1-out
Info: BINARY OUTPUT FILES WILL BE USED
Info: NO RESTART FILE
Info: SWITCHING ACTIVE
Info: SWITCHING ON           10
Info: SWITCHING OFF          12
Info: PAIRLIST DISTANCE      13.5
Info: PAIRLIST SHRINK RATE   0.01
Info: PAIRLIST GROW RATE     0.01
Info: PAIRLIST TRIGGER       0.3
Info: PAIRLISTS PER CYCLE    2
Info: PAIRLISTS ENABLED
Info: MARGIN                 0
Info: HYDROGEN GROUP CUTOFF  2.5
Info: PATCH DIMENSION        16
Info: ENERGY OUTPUT STEPS    100
Info: ENERGY EVALUATION STEPS    100
Info: OUTPUT ENERGY PRECISION 4
Info: OUPUT ENERGY PRECISION 4
Info: CROSSTERM ENERGY INCLUDED IN DIHEDRAL
Info: TIMING OUTPUT STEPS    20
Info: PARTICLE MESH EWALD (PME) ACTIVE
Info: PME TOLERANCE               1e-06
Info: PME EWALD COEFFICIENT       0.257952
Info: PME INTERPOLATION ORDER     4
Info: PME GRID DIMENSIONS         108 108 80
Info: PME MAXIMUM GRID SPACING    1.5
Info: PME CALCULATION WILL BE PERFORMED ON GPU
Info: FULL ELECTROSTATIC EVALUATION FREQUENCY      4
Info: USING VERLET I (r-RESPA) MTS SCHEME.
Info: C1 SPLITTING OF LONG RANGE ELECTROSTATICS
Info: PLACING ATOMS IN PATCHES BY HYDROGEN GROUPS
Info: RANDOM NUMBER SEED     74269
Info: USE HYDROGEN BONDS?    NO
Info: COORDINATE PDB         apoa1.pdb
Info: STRUCTURE FILE         apoa1.psf
Info: PARAMETER file: XPLOR format! (default) 
Info: PARAMETERS             par_all22_prot_lipid.xplor
Info: PARAMETERS             par_all22_popc.xplor
Info: USING ARITHMETIC MEAN TO COMBINE L-J SIGMA PARAMETERS
Info: SUMMARY OF PARAMETERS:
Info: 177 BONDS
Info: 435 ANGLES
Info: 446 DIHEDRAL
Info: 45 IMPROPER
Info: 0 CROSSTERM
Info: 83 VDW
Info: 6 VDW_PAIRS
Info: 0 NBTHOLE_PAIRS
Info: TIME FOR READING PSF FILE: 0.677212
Info: Reading pdb file apoa1.pdb
Info: TIME FOR READING PDB FILE: 0.085673
Info: 
Info: ****************************
Info: STRUCTURE SUMMARY:
Info: 92224 ATOMS
Info: 70660 BONDS
Info: 74136 ANGLES
Info: 74130 DIHEDRALS
Info: 1402 IMPROPERS
Info: 0 CROSSTERMS
Info: 0 EXCLUSIONS
Info: 1568 DIHEDRALS WITH MULTIPLE PERIODICITY (BASED ON PSF FILE)
Info: 276669 DEGREES OF FREEDOM
Info: 32992 HYDROGEN GROUPS
Info: 4 ATOMS IN LARGEST HYDROGEN GROUP
Info: 32992 MIGRATION GROUPS
Info: 4 ATOMS IN LARGEST MIGRATION GROUP
Info: TOTAL MASS = 553785 amu
Info: TOTAL CHARGE = -14 e
Info: MASS DENSITY = 0.997951 g/cm^3
Info: ATOM DENSITY = 0.100081 atoms/A^3
Info: *****************************
Info: 
Info: Entering startup at 1.0832 s, 0 MB of memory in use
Info: Startup phase 0 took 0.000182462 s, 0 MB of memory in use
Info: ADDED 218698 IMPLICIT EXCLUSIONS
Info: Startup phase 1 took 0.041244 s, 0 MB of memory in use
Info: NONBONDED TABLE R-SQUARED SPACING: 0.0625
Info: NONBONDED TABLE SIZE: 769 POINTS
Info: INCONSISTENCY IN FAST TABLE ENERGY VS FORCE: 0.000325096 AT 11.9556
Info: INCONSISTENCY IN SCOR TABLE ENERGY VS FORCE: 0.000324844 AT 11.9556
Info: INCONSISTENCY IN VDWA TABLE ENERGY VS FORCE: 0.0040507 AT 0.251946
Info: INCONSISTENCY IN VDWB TABLE ENERGY VS FORCE: 0.00150189 AT 0.251946
Info: Startup phase 2 took 0.000407817 s, 0 MB of memory in use
Info: Startup phase 3 took 7.5779e-05 s, 0 MB of memory in use
Info: Startup phase 4 took 0.00156663 s, 0 MB of memory in use
Info: Startup phase 5 took 7.5045e-05 s, 0 MB of memory in use
Info: PATCH GRID IS 6 (PERIODIC) BY 6 (PERIODIC) BY 4 (PERIODIC)
Info: PATCH GRID IS 1-AWAY BY 1-AWAY BY 1-AWAY
Info: REMOVING COM VELOCITY 0.00117959 0.0289175 0.0202933
Info: LARGEST PATCH (56) HAS 718 ATOMS
Info: TORUS A SIZE 1 USING 0
Info: TORUS B SIZE 1 USING 0
Info: TORUS C SIZE 1 USING 0
Info: TORUS MINIMAL MESH SIZE IS 1 BY 1 BY 1
Info: Placed 100% of base nodes on same physical node as patch
Info: Startup phase 6 took 0.0419685 s, 0 MB of memory in use
Info: Use 3D box decompostion in PME FFT.
Info: PME using 1 x 1 x 1 pencil grid for FFT and reciprocal sum.
Info: Startup phase 7 took 0.00230019 s, 0 MB of memory in use
Info: Updated CUDA force table with 4096 elements.
Info: Updated CUDA LJ table with 83 x 83 elements.
Info: Startup phase 8 took 0.000898779 s, 0 MB of memory in use
Info: Startup phase 9 took 0.010402 s, 0 MB of memory in use
Info: Startup phase 10 took 0.0210934 s, 0 MB of memory in use
Info: Startup phase 11 took 0.0150718 s, 0 MB of memory in use
LDB: Central LB being created...
Info: Startup phase 12 took 0.00237598 s, 0 MB of memory in use
Info: CREATING 3152 COMPUTE OBJECTS
Info: Found 318 unique exclusion lists needing 1060 bytes
Info: useSync: 0 useProxySync: 0
Info: Startup phase 13 took 0.035984 s, 0 MB of memory in use
Info: Startup phase 14 took 9.1688e-05 s, 0 MB of memory in use
Info: Startup phase 15 took 3.0412e-05 s, 0 MB of memory in use
Info: Finished startup at 1.25697 s, 0 MB of memory in use

ETITLE:      TS           BOND          ANGLE          DIHED          IMPRP               ELECT            VDW       BOUNDARY           MISC        KINETIC               TOTAL           TEMP      POTENTIAL       TOTALAVG        TEMPAVG            PRESSURE      GPRESSURE         VOLUME       PRESSAVG      GPRESSAVG

ENERGY:       0     12352.4479     14603.1401      4549.0720        48.1063        -362073.8126     24230.0749         0.0000         0.0000     82752.2738        -223538.6977       301.0300   -306290.9715   -223538.6977       301.0300          -2568.3931     -3581.9905    921491.4634     -2568.3931     -3581.9905

TIMING: 20  CPU: 0.123811, 0.00079165/step  Wall: 0.110167, 0.000798206/step, 108.243 ns/days, 0.000106427 hours remaining, 0.000000 MB of memory in use.
PERFORMANCE: 20  averaging 108.243 ns/day, 0.000798206 sec/step with standard deviation 0
TIMING: 40  CPU: 0.139721, 0.0007955/step  Wall: 0.125793, 0.000781315/step, 110.583 ns/days, 9.98348e-05 hours remaining, 0.000000 MB of memory in use.
PERFORMANCE: 40  averaging 109.4 ns/day, 0.000789761 sec/step with standard deviation 1.19435e-05
TIMING: 60  CPU: 0.155642, 0.00079605/step  Wall: 0.141432, 0.000781903/step, 110.5 ns/days, 9.55659e-05 hours remaining, 0.000000 MB of memory in use.
PERFORMANCE: 60  averaging 109.764 ns/day, 0.000787142 sec/step with standard deviation 9.58671e-06
TIMING: 80  CPU: 0.170565, 0.00074615/step  Wall: 0.156663, 0.000761598/step, 113.446 ns/days, 8.88531e-05 hours remaining, 0.000000 MB of memory in use.
PERFORMANCE: 80  averaging 110.662 ns/day, 0.000780756 sec/step with standard deviation 1.49798e-05
Info: Initial time: 16 CPUs 0.000787884 s/step 109.661 ns/day 0 MB memory
TIMING: 100  CPU: 0.187206, 0.00083205/step  Wall: 0.173021, 0.000817893/step, 105.637 ns/days, 9.0877e-05 hours remaining, 0.000000 MB of memory in use.
PERFORMANCE: 100  averaging 109.619 ns/day, 0.000788183 sec/step with standard deviation 2.10746e-05
ENERGY:     100     23587.2781     20475.3941      5773.0424       205.1508        -335895.9360     22125.7246         0.0000         0.0000     41455.8471        -222273.4988       150.8050   -263729.3458   -222906.0982       225.9175          -2788.2988     -2294.2889    921491.4634     -2678.3459     -2938.1397

TIMING: 120  CPU: 0.202409, 0.00076015/step  Wall: 0.188588, 0.000778347/step, 111.004 ns/days, 8.21588e-05 hours remaining, 0.000000 MB of memory in use.
PERFORMANCE: 120  averaging 109.848 ns/day, 0.000786544 sec/step with standard deviation 1.92726e-05
TIMING: 140  CPU: 0.217336, 0.00074635/step  Wall: 0.203866, 0.000763862/step, 113.109 ns/days, 7.63862e-05 hours remaining, 0.000000 MB of memory in use.
PERFORMANCE: 140  averaging 110.302 ns/day, 0.000783303 sec/step with standard deviation 1.9571e-05
TIMING: 160  CPU: 0.233251, 0.00079575/step  Wall: 0.219441, 0.00077876/step, 110.946 ns/days, 7.35496e-05 hours remaining, 0.000000 MB of memory in use.
PERFORMANCE: 160  averaging 110.382 ns/day, 0.000782736 sec/step with standard deviation 1.81903e-05
TIMING: 180  CPU: 0.248181, 0.0007465/step  Wall: 0.235072, 0.000781566/step, 110.547 ns/days, 6.94726e-05 hours remaining, 0.000000 MB of memory in use.
PERFORMANCE: 180  averaging 110.4 ns/day, 0.000782606 sec/step with standard deviation 1.70199e-05
Info: Initial time: 16 CPUs 0.000777748 s/step 111.09 ns/day 0 MB memory
TIMING: 200  CPU: 0.264623, 0.0008221/step  Wall: 0.250822, 0.000787515/step, 109.712 ns/days, 6.56263e-05 hours remaining, 0.000000 MB of memory in use.
PERFORMANCE: 200  averaging 110.331 ns/day, 0.000783097 sec/step with standard deviation 1.61215e-05
ENERGY:     200     21073.6170     18595.6305      5711.8803       190.0266        -334669.5344     21209.7490         0.0000         0.0000     45319.1552        -222569.4759       164.8586   -267888.6311   -222793.8908       205.5645          -5241.7827     -2703.6135    921491.4634     -3532.8249     -2859.9643

TIMING: 220  CPU: 0.280014, 0.00076955/step  Wall: 0.266422, 0.000779998/step, 110.77 ns/days, 6.06665e-05 hours remaining, 0.000000 MB of memory in use.
PERFORMANCE: 220  averaging 110.371 ns/day, 0.000782815 sec/step with standard deviation 1.53227e-05
TIMING: 240  CPU: 0.294936, 0.0007461/step  Wall: 0.282042, 0.000781008/step, 110.626 ns/days, 5.64062e-05 hours remaining, 0.000000 MB of memory in use.
PERFORMANCE: 240  averaging 110.392 ns/day, 0.000782664 sec/step with standard deviation 1.46189e-05
TIMING: 260  CPU: 0.310862, 0.0007963/step  Wall: 0.297318, 0.00076379/step, 113.12 ns/days, 5.09194e-05 hours remaining, 0.000000 MB of memory in use.
PERFORMANCE: 260  averaging 110.597 ns/day, 0.000781213 sec/step with standard deviation 1.49434e-05
TIMING: 280  CPU: 0.325793, 0.00074655/step  Wall: 0.312953, 0.000781751/step, 110.521 ns/days, 4.77737e-05 hours remaining, 0.000000 MB of memory in use.
PERFORMANCE: 280  averaging 110.592 ns/day, 0.000781251 sec/step with standard deviation 1.43579e-05
Info: Initial time: 16 CPUs 0.000781884 s/step 110.502 ns/day 0 MB memory
TIMING: 300  CPU: 0.342447, 0.0008327/step  Wall: 0.329036, 0.000804157/step, 107.442 ns/days, 4.46754e-05 hours remaining, 0.000000 MB of memory in use.
PERFORMANCE: 300  averaging 110.376 ns/day, 0.000782778 sec/step with standard deviation 1.50467e-05
ENERGY:     300     21869.9923     20174.1566      5731.6738       182.6814        -337209.1532     22385.2208         0.0000         0.0000     44423.8061        -222441.6222       161.6016   -266865.4283   -222705.8236       194.5738          -4600.9385     -2563.5673    921491.4634     -3799.8533     -2785.8651

TIMING: 320  CPU: 0.356643, 0.0007098/step  Wall: 0.344262, 0.000761281/step, 113.493 ns/days, 3.8064e-05 hours remaining, 0.000000 MB of memory in use.
PERFORMANCE: 320  averaging 110.566 ns/day, 0.000781434 sec/step with standard deviation 1.54981e-05
TIMING: 340  CPU: 0.37257, 0.00079635/step  Wall: 0.35992, 0.000782884/step, 110.361 ns/days, 3.47948e-05 hours remaining, 0.000000 MB of memory in use.
PERFORMANCE: 340  averaging 110.554 ns/day, 0.00078152 sec/step with standard deviation 1.50101e-05
TIMING: 360  CPU: 0.388496, 0.0007963/step  Wall: 0.375527, 0.000780353/step, 110.719 ns/days, 3.03471e-05 hours remaining, 0.000000 MB of memory in use.
PERFORMANCE: 360  averaging 110.563 ns/day, 0.000781455 sec/step with standard deviation 1.45645e-05
TIMING: 380  CPU: 0.403429, 0.00074665/step  Wall: 0.390819, 0.000764634/step, 112.995 ns/days, 2.54878e-05 hours remaining, 0.000000 MB of memory in use.
PERFORMANCE: 380  averaging 110.688 ns/day, 0.00078057 sec/step with standard deviation 1.46708e-05
Info: Benchmark time: 16 CPUs 0.000779738 s/step 110.807 ns/day 0 MB memory
TIMING: 400  CPU: 0.420084, 0.00083275/step  Wall: 0.407035, 0.00081077/step, 106.565 ns/days, 2.25214e-05 hours remaining, 0.000000 MB of memory in use.
PERFORMANCE: 400  averaging 110.475 ns/day, 0.00078208 sec/step with standard deviation 1.57957e-05
ENERGY:     400     21983.9332     19981.5452      5714.2374       174.7222        -338264.0733     23090.2108         0.0000         0.0000     44890.2330        -222429.1915       163.2983   -267319.4245   -222650.4972       188.3187          -4748.5630     -2656.9408    921491.4634     -3989.5952     -2760.0802

TIMING: 420  CPU: 0.435276, 0.0007596/step  Wall: 0.422701, 0.000783288/step, 110.304 ns/days, 1.74064e-05 hours remaining, 0.000000 MB of memory in use.
PERFORMANCE: 420  averaging 110.467 ns/day, 0.000782137 sec/step with standard deviation 1.5398e-05
TIMING: 440  CPU: 0.450204, 0.0007464/step  Wall: 0.438, 0.000764989/step, 112.943 ns/days, 1.27498e-05 hours remaining, 0.000000 MB of memory in use.
PERFORMANCE: 440  averaging 110.577 ns/day, 0.000781358 sec/step with standard deviation 1.54653e-05
TIMING: 460  CPU: 0.466125, 0.00079605/step  Wall: 0.453689, 0.000784453/step, 110.14 ns/days, 8.71615e-06 hours remaining, 0.000000 MB of memory in use.
PERFORMANCE: 460  averaging 110.558 ns/day, 0.000781492 sec/step with standard deviation 1.51235e-05
TIMING: 480  CPU: 0.481054, 0.00074645/step  Wall: 0.46929, 0.000780022/step, 110.766 ns/days, 4.33345e-06 hours remaining, 0.000000 MB of memory in use.
PERFORMANCE: 480  averaging 110.566 ns/day, 0.000781431 sec/step with standard deviation 1.47942e-05
Info: Benchmark time: 16 CPUs 0.000781187 s/step 110.601 ns/day 0 MB memory
TIMING: 500  CPU: 0.497847, 0.00083965/step  Wall: 0.485178, 0.000794414/step, 108.759 ns/days, 0 hours remaining, 0.000000 MB of memory in use.
PERFORMANCE: 500  averaging 110.493 ns/day, 0.00078195 sec/step with standard deviation 1.47136e-05
ENERGY:     500     20974.9291     19756.5295      5724.4564       179.8308        -337740.2899     23250.8684         0.0000         0.0000     45358.7619        -222494.9139       165.0027   -267853.6757   -222624.5667       184.4327          -3197.5081     -2425.3498    921491.4634     -3857.5807     -2704.2918

WRITING EXTENDED SYSTEM TO OUTPUT FILE AT STEP 500
WRITING COORDINATES TO OUTPUT FILE AT STEP 500
The last position output (seq=-2) takes 0.001 seconds, 0.000 MB of memory in use
WRITING VELOCITIES TO OUTPUT FILE AT STEP 500
The last velocity output (seq=-2) takes 0.001 seconds, 0.000 MB of memory in use
====================================================

WallClock: 1.711674  CPUTime: 1.602583  Memory: 0.000000 MB
[Partition 0][Node 0] End of program
